

Error at 2024-06-07 18:35:37.656868
[Errno 10060] Operation timed out

Error at 2024-06-07 18:35:42.720180
[Errno 13] Access denied (insufficient permissions)

Error at 2024-06-07 20:44:55.507568
[Errno 10060] Operation timed out

Error at 2024-06-07 20:45:01.355067
[Errno 13] Access denied (insufficient permissions)

Error at 2024-06-07 20:45:07.187441
[Errno 13] Access denied (insufficient permissions)

Error at 2024-06-07 20:45:13.016689
[Errno 13] Access denied (insufficient permissions)

Error at 2024-06-07 20:45:33.823758
[Errno 10060] Operation timed out

Error at 2024-06-07 20:45:39.675681
[Errno 13] Access denied (insufficient permissions)

Error at 2024-06-07 21:13:39.090921
[Errno 10060] Operation timed out

Error at 2024-06-07 21:13:44.935564
[Errno 13] Access denied (insufficient permissions)

Error at 2024-06-07 21:13:50.770785
[Errno 13] Access denied (insufficient permissions)

Error at 2024-06-07 21:14:20.827590
[Errno 10060] Operation timed out

Error at 2024-06-07 21:14:26.686898
[Errno 13] Access denied (insufficient permissions)

Error at 2024-06-07 21:25:40.402876
[Errno 10060] Operation timed out

Error at 2024-06-07 21:25:46.255482
[Errno 13] Access denied (insufficient permissions)

Error at 2024-06-08 19:25:41.510761
[Errno 10060] Operation timed out

Error at 2024-06-08 19:25:47.374826
[Errno 13] Access denied (insufficient permissions)

Error at 2024-06-08 19:25:53.206960
[Errno 13] Access denied (insufficient permissions)

Error at 2024-06-08 19:26:13.541751
[Errno 10060] Operation timed out

Error at 2024-06-08 19:26:19.388869
[Errno 13] Access denied (insufficient permissions)

Error at 2024-06-08 19:29:39.187908
[Errno 10060] Operation timed out

Error at 2024-06-08 19:29:45.020222
[Errno 13] Access denied (insufficient permissions)

Error at 2024-06-08 20:06:31.171845
[Errno 10060] Operation timed out

Error at 2024-06-08 20:06:37.009579
[Errno 13] Access denied (insufficient permissions)

Error at 2024-06-08 20:09:06.979216
[Errno 10060] Operation timed out

Error at 2024-06-08 20:09:12.810308
[Errno 13] Access denied (insufficient permissions)

Error at 2024-06-08 20:11:54.639891
[Errno 5] Input/Output Error

Error at 2024-06-08 20:15:47.851467
[Errno 5] Input/Output Error

Error at 2024-06-08 20:26:14.540855
[Errno 10060] Operation timed out

Error at 2024-06-08 20:26:20.378493
[Errno 13] Access denied (insufficient permissions)

Error at 2024-06-08 20:26:26.207650
[Errno 13] Access denied (insufficient permissions)

Error at 2024-06-15 17:42:38.471827
[Errno 10060] Operation timed out

Error at 2024-06-15 18:43:52.969909
[Errno 10060] Operation timed out

Error at 2024-06-15 18:43:58.827161
[Errno 13] Access denied (insufficient permissions)

Error at 2024-06-15 18:44:04.664014
[Errno 13] Access denied (insufficient permissions)

Error at 2024-06-15 20:09:36.768377
[Errno 32] Pipe error

Error at 2024-06-15 22:09:56.732969
[Errno 32] Pipe error

Error at 2024-06-21 21:22:02.530228
[Errno 5] Input/Output Error

Error at 2024-06-28 16:50:13.254022
[Errno 10060] Operation timed out

Error at 2024-06-28 16:50:19.110688
[Errno 13] Access denied (insufficient permissions)

Error at 2024-07-10 17:30:28.972684
[Errno 19] No such device (it may have been disconnected)

Error at 2024-07-10 21:34:42.097719
[Errno 10060] Operation timed out

Error at 2024-07-11 21:16:44.386826
[Errno 5] Input/Output Error

Error at 2024-07-11 21:18:50.174842
[Errno 5] Input/Output Error

Error at 2024-07-11 21:19:16.384546
[Errno 32] Pipe error

Error at 2024-07-15 22:37:28.715506
[Errno 10060] Operation timed out

Error at 2024-07-15 22:37:34.589660
[Errno 13] Access denied (insufficient permissions)

Error at 2024-07-15 22:37:40.420305
[Errno 13] Access denied (insufficient permissions)

Error at 2024-07-15 22:37:46.257206
[Errno 13] Access denied (insufficient permissions)

Error at 2024-07-15 22:38:03.348395
[Errno 10060] Operation timed out

Error at 2024-07-15 22:43:00.878801
[Errno 32] Pipe error

Error at 2024-07-15 22:50:43.336628
[Errno 10060] Operation timed out

Error at 2024-07-15 22:50:49.196315
[Errno 13] Access denied (insufficient permissions)

Error at 2024-07-15 22:50:55.029460
[Errno 13] Access denied (insufficient permissions)

Error at 2024-07-15 22:51:00.861499
[Errno 13] Access denied (insufficient permissions)

Error at 2024-07-15 22:51:06.700798
[Errno 13] Access denied (insufficient permissions)

Error at 2024-07-15 22:51:22.811465
[Errno 10060] Operation timed out

Error at 2024-07-15 22:51:27.845490
[Errno 13] Access denied (insufficient permissions)

Error at 2024-07-15 22:51:46.369126
[Errno 10060] Operation timed out

Error at 2024-07-15 22:59:32.911495
[Errno 10060] Operation timed out

Error at 2024-07-15 22:59:38.753008
[Errno 13] Access denied (insufficient permissions)

Error at 2024-07-15 22:59:44.580064
[Errno 13] Access denied (insufficient permissions)

Error at 2024-07-16 15:23:45.176380
[Errno 10060] Operation timed out

Error at 2024-07-16 15:25:05.179352
[Errno 10060] Operation timed out

Error at 2024-07-16 15:38:55.266758
[Errno 10060] Operation timed out

Error at 2024-07-16 15:39:31.850345
[Errno 10060] Operation timed out

Error at 2024-07-16 15:47:05.618314
[Errno 10060] Operation timed out

Error at 2024-07-16 15:57:45.644946
[Errno 10060] Operation timed out

Error at 2024-07-16 16:03:57.995319
[Errno 10060] Operation timed out

Error at 2024-07-16 16:09:09.257204
[Errno 10060] Operation timed out

Error at 2024-07-16 16:14:20.005094
[Errno 10060] Operation timed out

Error at 2024-07-16 16:27:56.658622
[Errno 10060] Operation timed out

Error at 2024-07-16 16:31:44.219463
[Errno 10060] Operation timed out

Error at 2024-07-16 16:35:38.268433
[Errno 10060] Operation timed out

Error at 2024-07-16 16:42:07.289445
[Errno 10060] Operation timed out

Error at 2024-07-16 16:44:54.837339
[Errno 10060] Operation timed out

Error at 2024-07-16 19:00:04.478078
[Errno 10060] Operation timed out

Error at 2024-07-16 19:13:38.569803
[Errno 10060] Operation timed out

Error at 2024-07-16 19:21:27.230555
[Errno 10060] Operation timed out

Error at 2024-07-16 19:27:13.590189
[Errno 10060] Operation timed out

Error at 2024-07-16 19:27:52.462719
[Errno 10060] Operation timed out

Error at 2024-07-16 19:33:01.202283
[Errno 10060] Operation timed out

Error at 2024-07-17 17:20:28.444080
[Errno 5] Input/Output Error

Error at 2024-07-17 17:20:39.521484
[Errno 10060] Operation timed out

Error at 2024-07-18 16:02:43.303944
[Errno 5] Input/Output Error